<?xml version="1.0" encoding="UTF-8"?>
<testng-results skipped="0" failed="0" ignored="0" total="2" passed="2">
  <reporter-output>
  </reporter-output>
  <suite name="Default suite" duration-ms="51533" started-at="2020-07-06T22:12:18 IST" finished-at="2020-07-06T22:13:10 IST">
    <groups>
    </groups>
    <test name="Default test" duration-ms="51533" started-at="2020-07-06T22:12:18 IST" finished-at="2020-07-06T22:13:10 IST">
      <class name="test.LoginPageTest">
        <test-method status="PASS" signature="setup()[pri:0, instance:test.LoginPageTest@140e5a13]" name="setup" is-config="true" duration-ms="9141" started-at="2020-07-06T22:12:18 IST" finished-at="2020-07-06T22:12:27 IST">
          <reporter-output>
          </reporter-output>
        </test-method> <!-- setup -->
        <test-method status="PASS" signature="loginPageTitleTest()[pri:0, instance:test.LoginPageTest@140e5a13]" name="loginPageTitleTest" duration-ms="55" started-at="2020-07-06T22:12:27 IST" finished-at="2020-07-06T22:12:27 IST">
          <reporter-output>
          </reporter-output>
        </test-method> <!-- loginPageTitleTest -->
        <test-method status="PASS" signature="tearDown()[pri:0, instance:test.LoginPageTest@140e5a13]" name="tearDown" is-config="true" duration-ms="1141" started-at="2020-07-06T22:12:27 IST" finished-at="2020-07-06T22:12:29 IST">
          <reporter-output>
          </reporter-output>
        </test-method> <!-- tearDown -->
        <test-method status="PASS" signature="setup()[pri:0, instance:test.LoginPageTest@140e5a13]" name="setup" is-config="true" duration-ms="8437" started-at="2020-07-06T22:12:29 IST" finished-at="2020-07-06T22:12:37 IST">
          <reporter-output>
          </reporter-output>
        </test-method> <!-- setup -->
        <test-method status="PASS" signature="loginTest()[pri:0, instance:test.LoginPageTest@140e5a13]" name="loginTest" duration-ms="31574" started-at="2020-07-06T22:12:37 IST" finished-at="2020-07-06T22:13:09 IST">
          <reporter-output>
          </reporter-output>
        </test-method> <!-- loginTest -->
        <test-method status="PASS" signature="tearDown()[pri:0, instance:test.LoginPageTest@140e5a13]" name="tearDown" is-config="true" duration-ms="1138" started-at="2020-07-06T22:13:09 IST" finished-at="2020-07-06T22:13:10 IST">
          <reporter-output>
          </reporter-output>
        </test-method> <!-- tearDown -->
      </class> <!-- test.LoginPageTest -->
    </test> <!-- Default test -->
  </suite> <!-- Default suite -->
</testng-results>
